app/build/intermediates/manifest_merge_blame_file/debug/manifest-merger-blame-debug-report.txt
1<?xml version="1.0" encoding="utf-8"?>
2<manifest xmlns:android="http://schemas.android.com/apk/res/android"
3    package="com.example.cevicheriaalexander"
4    android:versionCode="1"
5    android:versionName="1.0" >
6
7    <uses-sdk
8        android:minSdkVersion="32"
8-->src\main\AndroidManifest.xml
9        android:targetSdkVersion="32" />
9-->src\main\AndroidManifest.xml
10
11    <!-- Although the *SdkVersion is captured in gradle build files, this is required for non gradle builds -->
12    <!-- <uses-sdk android:minSdkVersion="14" /> -->
13    <uses-permission android:name="android.permission.ACCESS_NETWORK_STATE" />
13-->[com.google.firebase:firebase-firestore:24.4.0] AndroidManifest.xml:12:5-79
13-->[com.google.firebase:firebase-firestore:24.4.0] AndroidManifest.xml:12:22-76
14    <uses-permission android:name="android.permission.INTERNET" />
14-->[com.google.firebase:firebase-firestore:24.4.0] AndroidManifest.xml:13:5-67
14-->[com.google.firebase:firebase-firestore:24.4.0] AndroidManifest.xml:13:22-64
15    <uses-permission android:name="android.permission.WAKE_LOCK" />
15-->[com.google.android.gms:play-services-measurement-api:21.2.0] AndroidManifest.xml:24:5-68
15-->[com.google.android.gms:play-services-measurement-api:21.2.0] AndroidManifest.xml:24:22-65
16    <uses-permission android:name="com.google.android.gms.permission.AD_ID" />
16-->[com.google.android.gms:play-services-measurement-api:21.2.0] AndroidManifest.xml:25:5-79
16-->[com.google.android.gms:play-services-measurement-api:21.2.0] AndroidManifest.xml:25:22-76
17    <uses-permission android:name="com.google.android.finsky.permission.BIND_GET_INSTALL_REFERRER_SERVICE" />
17-->[com.google.android.gms:play-services-measurement:21.2.0] AndroidManifest.xml:26:5-110
17-->[com.google.android.gms:play-services-measurement:21.2.0] AndroidManifest.xml:26:22-107
18
19    <application
19-->src\main\AndroidManifest.xml:6:5-31:19
20        android:allowBackup="true"
20-->src\main\AndroidManifest.xml:7:9-35
21        android:appComponentFactory="androidx.core.app.CoreComponentFactory"
21-->[androidx.core:core:1.8.0] AndroidManifest.xml:24:18-86
22        android:dataExtractionRules="@xml/data_extraction_rules"
22-->src\main\AndroidManifest.xml:8:9-65
23        android:debuggable="true"
24        android:extractNativeLibs="false"
25        android:fullBackupContent="@xml/backup_rules"
25-->src\main\AndroidManifest.xml:9:9-54
26        android:icon="@mipmap/ic_launcher"
26-->src\main\AndroidManifest.xml:10:9-43
27        android:label="@string/app_name"
27-->src\main\AndroidManifest.xml:11:9-41
28        android:roundIcon="@mipmap/ic_launcher_round"
28-->src\main\AndroidManifest.xml:12:9-54
29        android:supportsRtl="true"
29-->src\main\AndroidManifest.xml:13:9-35
30        android:testOnly="true"
31        android:theme="@style/Theme.CevicheriaAlexander" >
31-->src\main\AndroidManifest.xml:14:9-57
32        <activity
32-->src\main\AndroidManifest.xml:16:9-18:40
33            android:name="com.example.cevicheriaalexander.UsuariosActivity"
33-->src\main\AndroidManifest.xml:17:13-45
34            android:exported="false" />
34-->src\main\AndroidManifest.xml:18:13-37
35        <activity
35-->src\main\AndroidManifest.xml:19:9-21:40
36            android:name="com.example.cevicheriaalexander.RegistroActivity"
36-->src\main\AndroidManifest.xml:20:13-45
37            android:exported="false" />
37-->src\main\AndroidManifest.xml:21:13-37
38        <activity
38-->src\main\AndroidManifest.xml:22:9-30:20
39            android:name="com.example.cevicheriaalexander.MainActivity"
39-->src\main\AndroidManifest.xml:23:13-41
40            android:exported="true" >
40-->src\main\AndroidManifest.xml:24:13-36
41            <intent-filter>
41-->src\main\AndroidManifest.xml:25:13-29:29
42                <action android:name="android.intent.action.MAIN" />
42-->src\main\AndroidManifest.xml:26:17-69
42-->src\main\AndroidManifest.xml:26:25-66
43
44                <category android:name="android.intent.category.LAUNCHER" />
44-->src\main\AndroidManifest.xml:28:17-77
44-->src\main\AndroidManifest.xml:28:27-74
45            </intent-filter>
46        </activity>
47
48        <service
48-->[com.google.firebase:firebase-firestore:24.4.0] AndroidManifest.xml:16:9-22:19
49            android:name="com.google.firebase.components.ComponentDiscoveryService"
49-->[com.google.firebase:firebase-firestore:24.4.0] AndroidManifest.xml:17:13-84
50            android:directBootAware="true"
50-->[com.google.firebase:firebase-common:20.2.0] AndroidManifest.xml:34:13-43
51            android:exported="false" >
51-->[com.google.firebase:firebase-firestore:24.4.0] AndroidManifest.xml:18:13-37
52            <meta-data
52-->[com.google.firebase:firebase-firestore:24.4.0] AndroidManifest.xml:19:13-21:85
53                android:name="com.google.firebase.components:com.google.firebase.firestore.FirestoreRegistrar"
53-->[com.google.firebase:firebase-firestore:24.4.0] AndroidManifest.xml:20:17-111
54                android:value="com.google.firebase.components.ComponentRegistrar" />
54-->[com.google.firebase:firebase-firestore:24.4.0] AndroidManifest.xml:21:17-82
55            <meta-data
55-->[com.google.android.gms:play-services-measurement-api:21.2.0] AndroidManifest.xml:31:13-33:85
56                android:name="com.google.firebase.components:com.google.firebase.analytics.connector.internal.AnalyticsConnectorRegistrar"
56-->[com.google.android.gms:play-services-measurement-api:21.2.0] AndroidManifest.xml:32:17-139
57                android:value="com.google.firebase.components.ComponentRegistrar" />
57-->[com.google.android.gms:play-services-measurement-api:21.2.0] AndroidManifest.xml:33:17-82
58            <meta-data
58-->[com.google.firebase:firebase-installations:17.1.0] AndroidManifest.xml:17:13-19:85
59                android:name="com.google.firebase.components:com.google.firebase.installations.FirebaseInstallationsRegistrar"
59-->[com.google.firebase:firebase-installations:17.1.0] AndroidManifest.xml:18:17-127
60                android:value="com.google.firebase.components.ComponentRegistrar" />
60-->[com.google.firebase:firebase-installations:17.1.0] AndroidManifest.xml:19:17-82
61        </service>
62
63        <provider
63-->[com.google.firebase:firebase-common:20.2.0] AndroidManifest.xml:25:9-30:39
64            android:name="com.google.firebase.provider.FirebaseInitProvider"
64-->[com.google.firebase:firebase-common:20.2.0] AndroidManifest.xml:26:13-77
65            android:authorities="com.example.cevicheriaalexander.firebaseinitprovider"
65-->[com.google.firebase:firebase-common:20.2.0] AndroidManifest.xml:27:13-72
66            android:directBootAware="true"
66-->[com.google.firebase:firebase-common:20.2.0] AndroidManifest.xml:28:13-43
67            android:exported="false"
67-->[com.google.firebase:firebase-common:20.2.0] AndroidManifest.xml:29:13-37
68            android:initOrder="100" />
68-->[com.google.firebase:firebase-common:20.2.0] AndroidManifest.xml:30:13-36
69
70        <activity
70-->[com.google.android.gms:play-services-base:18.0.1] AndroidManifest.xml:20:9-22:45
71            android:name="com.google.android.gms.common.api.GoogleApiActivity"
71-->[com.google.android.gms:play-services-base:18.0.1] AndroidManifest.xml:20:19-85
72            android:exported="false"
72-->[com.google.android.gms:play-services-base:18.0.1] AndroidManifest.xml:22:19-43
73            android:theme="@android:style/Theme.Translucent.NoTitleBar" />
73-->[com.google.android.gms:play-services-base:18.0.1] AndroidManifest.xml:21:19-78
74
75        <receiver
75-->[com.google.android.gms:play-services-measurement:21.2.0] AndroidManifest.xml:29:9-33:20
76            android:name="com.google.android.gms.measurement.AppMeasurementReceiver"
76-->[com.google.android.gms:play-services-measurement:21.2.0] AndroidManifest.xml:30:13-85
77            android:enabled="true"
77-->[com.google.android.gms:play-services-measurement:21.2.0] AndroidManifest.xml:31:13-35
78            android:exported="false" >
78-->[com.google.android.gms:play-services-measurement:21.2.0] AndroidManifest.xml:32:13-37
79        </receiver>
80
81        <service
81-->[com.google.android.gms:play-services-measurement:21.2.0] AndroidManifest.xml:35:9-38:40
82            android:name="com.google.android.gms.measurement.AppMeasurementService"
82-->[com.google.android.gms:play-services-measurement:21.2.0] AndroidManifest.xml:36:13-84
83            android:enabled="true"
83-->[com.google.android.gms:play-services-measurement:21.2.0] AndroidManifest.xml:37:13-35
84            android:exported="false" />
84-->[com.google.android.gms:play-services-measurement:21.2.0] AndroidManifest.xml:38:13-37
85        <service
85-->[com.google.android.gms:play-services-measurement:21.2.0] AndroidManifest.xml:39:9-43:72
86            android:name="com.google.android.gms.measurement.AppMeasurementJobService"
86-->[com.google.android.gms:play-services-measurement:21.2.0] AndroidManifest.xml:40:13-87
87            android:enabled="true"
87-->[com.google.android.gms:play-services-measurement:21.2.0] AndroidManifest.xml:41:13-35
88            android:exported="false"
88-->[com.google.android.gms:play-services-measurement:21.2.0] AndroidManifest.xml:42:13-37
89            android:permission="android.permission.BIND_JOB_SERVICE" />
89-->[com.google.android.gms:play-services-measurement:21.2.0] AndroidManifest.xml:43:13-69
90
91        <meta-data
91-->[com.google.android.gms:play-services-basement:18.1.0] AndroidManifest.xml:21:9-23:69
92            android:name="com.google.android.gms.version"
92-->[com.google.android.gms:play-services-basement:18.1.0] AndroidManifest.xml:22:13-58
93            android:value="@integer/google_play_services_version" />
93-->[com.google.android.gms:play-services-basement:18.1.0] AndroidManifest.xml:23:13-66
94
95        <provider
95-->[androidx.emoji2:emoji2:1.2.0] AndroidManifest.xml:24:9-32:20
96            android:name="androidx.startup.InitializationProvider"
96-->[androidx.emoji2:emoji2:1.2.0] AndroidManifest.xml:25:13-67
97            android:authorities="com.example.cevicheriaalexander.androidx-startup"
97-->[androidx.emoji2:emoji2:1.2.0] AndroidManifest.xml:26:13-68
98            android:exported="false" >
98-->[androidx.emoji2:emoji2:1.2.0] AndroidManifest.xml:27:13-37
99            <meta-data
99-->[androidx.emoji2:emoji2:1.2.0] AndroidManifest.xml:29:13-31:52
100                android:name="androidx.emoji2.text.EmojiCompatInitializer"
100-->[androidx.emoji2:emoji2:1.2.0] AndroidManifest.xml:30:17-75
101                android:value="androidx.startup" />
101-->[androidx.emoji2:emoji2:1.2.0] AndroidManifest.xml:31:17-49
102            <meta-data
102-->[androidx.lifecycle:lifecycle-process:2.4.1] AndroidManifest.xml:31:13-33:52
103                android:name="androidx.lifecycle.ProcessLifecycleInitializer"
103-->[androidx.lifecycle:lifecycle-process:2.4.1] AndroidManifest.xml:32:17-78
104                android:value="androidx.startup" />
104-->[androidx.lifecycle:lifecycle-process:2.4.1] AndroidManifest.xml:33:17-49
105        </provider>
106    </application>
107
108</manifest>